# JRE version: 7.0_17-b02
# Java VM: Java HotSpot(TM) 64-Bit Server VM (23.7-b01 mixed mode bsd-amd64 compressed oops)
Heap
 PSYoungGen      total 65984K, used 55676K [0x0000000167300000, 0x000000016b860000, 0x000000018eda0000)
  eden space 60928K, 83% used [0x0000000167300000,0x000000016a4733b0,0x000000016ae80000)
  from space 5056K, 99% used [0x000000016b370000,0x000000016b85c030,0x000000016b860000)
  to   space 5056K, 0% used [0x000000016ae80000,0x000000016ae80000,0x000000016b370000)
 ParOldGen       total 81280K, used 1816K [0x0000000117da0000, 0x000000011cd00000, 0x0000000167300000)
  object space 81280K, 2% used [0x0000000117da0000,0x0000000117f66128,0x000000011cd00000)
 PSPermGen       total 21632K, used 21507K [0x0000000112ba0000, 0x00000001140c0000, 0x0000000117da0000)
  object space 21632K, 99% used [0x0000000112ba0000,0x00000001140a0ca0,0x00000001140c0000)
GC Heap History (8 events):
Event: 2.212 GC heap before
{Heap before GC invocations=1 (full 0):
 PSYoungGen      total 35520K, used 30464K [0x0000000167300000, 0x0000000169aa0000, 0x000000018eda0000)
  eden space 30464K, 100% used [0x0000000167300000,0x00000001690c0000,0x00000001690c0000)
  from space 5056K, 0% used [0x00000001695b0000,0x00000001695b0000,0x0000000169aa0000)
  to   space 5056K, 0% used [0x00000001690c0000,0x00000001690c0000,0x00000001695b0000)
 ParOldGen       total 81280K, used 0K [0x0000000117da0000, 0x000000011cd00000, 0x0000000167300000)
  object space 81280K, 0% used [0x0000000117da0000,0x0000000117da0000,0x000000011cd00000)
 PSPermGen       total 21248K, used 6950K [0x0000000112ba0000, 0x0000000114060000, 0x0000000117da0000)
  object space 21248K, 32% used [0x0000000112ba0000,0x0000000113269950,0x0000000114060000)
Event: 2.218 GC heap after
Heap after GC invocations=1 (full 0):
 PSYoungGen      total 35520K, used 3880K [0x0000000167300000, 0x0000000169aa0000, 0x000000018eda0000)
  eden space 30464K, 0% used [0x0000000167300000,0x0000000167300000,0x00000001690c0000)
  from space 5056K, 76% used [0x00000001690c0000,0x000000016948a280,0x00000001695b0000)
  to   space 5056K, 0% used [0x00000001695b0000,0x00000001695b0000,0x0000000169aa0000)
 ParOldGen       total 81280K, used 8K [0x0000000117da0000, 0x000000011cd00000, 0x0000000167300000)
  object space 81280K, 0% used [0x0000000117da0000,0x0000000117da2000,0x000000011cd00000)
 PSPermGen       total 21248K, used 6950K [0x0000000112ba0000, 0x0000000114060000, 0x0000000117da0000)
  object space 21248K, 32% used [0x0000000112ba0000,0x0000000113269950,0x0000000114060000)
}
Event: 2.700 GC heap before
{Heap before GC invocations=2 (full 0):
 PSYoungGen      total 35520K, used 34344K [0x0000000167300000, 0x0000000169aa0000, 0x000000018eda0000)
  eden space 30464K, 100% used [0x0000000167300000,0x00000001690c0000,0x00000001690c0000)
  from space 5056K, 76% used [0x00000001690c0000,0x000000016948a280,0x00000001695b0000)
  to   space 5056K, 0% used [0x00000001695b0000,0x00000001695b0000,0x0000000169aa0000)
 ParOldGen       total 81280K, used 8K [0x0000000117da0000, 0x000000011cd00000, 0x0000000167300000)
  object space 81280K, 0% used [0x0000000117da0000,0x0000000117da2000,0x000000011cd00000)
 PSPermGen       total 21248K, used 11180K [0x0000000112ba0000, 0x0000000114060000, 0x0000000117da0000)
  object space 21248K, 52% used [0x0000000112ba0000,0x000000011368b270,0x0000000114060000)
Event: 2.717 GC heap after
Heap after GC invocations=2 (full 0):
 PSYoungGen      total 35520K, used 5039K [0x0000000167300000, 0x000000016b860000, 0x000000018eda0000)
  eden space 30464K, 0% used [0x0000000167300000,0x0000000167300000,0x00000001690c0000)
  from space 5056K, 99% used [0x00000001695b0000,0x0000000169a9bf50,0x0000000169aa0000)
  to   space 5056K, 0% used [0x00000001690c0000,0x00000001690c0000,0x00000001695b0000)
 ParOldGen       total 81280K, used 830K [0x0000000117da0000, 0x000000011cd00000, 0x0000000167300000)
  object space 81280K, 1% used [0x0000000117da0000,0x0000000117e6f840,0x000000011cd00000)
 PSPermGen       total 21248K, used 11180K [0x0000000112ba0000, 0x0000000114060000, 0x0000000117da0000)
  object space 21248K, 52% used [0x0000000112ba0000,0x000000011368b270,0x0000000114060000)
}
Event: 3.249 GC heap before
{Heap before GC invocations=3 (full 0):
 PSYoungGen      total 35520K, used 35503K [0x0000000167300000, 0x000000016b860000, 0x000000018eda0000)
  eden space 30464K, 100% used [0x0000000167300000,0x00000001690c0000,0x00000001690c0000)
  from space 5056K, 99% used [0x00000001695b0000,0x0000000169a9bf50,0x0000000169aa0000)
  to   space 5056K, 0% used [0x00000001690c0000,0x00000001690c0000,0x00000001695b0000)
 ParOldGen       total 81280K, used 830K [0x0000000117da0000, 0x000000011cd00000, 0x0000000167300000)
  object space 81280K, 1% used [0x0000000117da0000,0x0000000117e6f840,0x000000011cd00000)
 PSPermGen       total 21248K, used 12338K [0x0000000112ba0000, 0x0000000114060000, 0x0000000117da0000)
  object space 21248K, 58% used [0x0000000112ba0000,0x00000001137ac8d0,0x0000000114060000)
Event: 3.256 GC heap after
Heap after GC invocations=3 (full 0):
 PSYoungGen      total 35520K, used 5001K [0x0000000167300000, 0x000000016b860000, 0x000000018eda0000)
  eden space 30464K, 0% used [0x0000000167300000,0x0000000167300000,0x00000001690c0000)
  from space 5056K, 98% used [0x00000001690c0000,0x00000001695a25d8,0x00000001695b0000)
  to   space 5056K, 0% used [0x000000016b370000,0x000000016b370000,0x000000016b860000)
 ParOldGen       total 81280K, used 838K [0x0000000117da0000, 0x000000011cd00000, 0x0000000167300000)
  object space 81280K, 1% used [0x0000000117da0000,0x0000000117e71840,0x000000011cd00000)
 PSPermGen       total 21248K, used 12338K [0x0000000112ba0000, 0x0000000114060000, 0x0000000117da0000)
  object space 21248K, 58% used [0x0000000112ba0000,0x00000001137ac8d0,0x0000000114060000)
}
Event: 3.619 GC heap before
{Heap before GC invocations=4 (full 0):
 PSYoungGen      total 35520K, used 35465K [0x0000000167300000, 0x000000016b860000, 0x000000018eda0000)
  eden space 30464K, 100% used [0x0000000167300000,0x00000001690c0000,0x00000001690c0000)
  from space 5056K, 98% used [0x00000001690c0000,0x00000001695a25d8,0x00000001695b0000)
  to   space 5056K, 0% used [0x000000016b370000,0x000000016b370000,0x000000016b860000)
 ParOldGen       total 81280K, used 838K [0x0000000117da0000, 0x000000011cd00000, 0x0000000167300000)
  object space 81280K, 1% used [0x0000000117da0000,0x0000000117e71840,0x000000011cd00000)
 PSPermGen       total 21248K, used 13158K [0x0000000112ba0000, 0x0000000114060000, 0x0000000117da0000)
  object space 21248K, 61% used [0x0000000112ba0000,0x0000000113879828,0x0000000114060000)
Event: 3.627 GC heap after
Heap after GC invocations=4 (full 0):
 PSYoungGen      total 65984K, used 5040K [0x0000000167300000, 0x000000016b860000, 0x000000018eda0000)
  eden space 60928K, 0% used [0x0000000167300000,0x0000000167300000,0x000000016ae80000)
  from space 5056K, 99% used [0x000000016b370000,0x000000016b85c030,0x000000016b860000)
  to   space 5056K, 0% used [0x000000016ae80000,0x000000016ae80000,0x000000016b370000)
 ParOldGen       total 81280K, used 1816K [0x0000000117da0000, 0x000000011cd00000, 0x0000000167300000)
  object space 81280K, 2% used [0x0000000117da0000,0x0000000117f66128,0x000000011cd00000)
 PSPermGen       total 21248K, used 13158K [0x0000000112ba0000, 0x0000000114060000, 0x0000000117da0000)
  object space 21248K, 61% used [0x0000000112ba0000,0x0000000113879828,0x0000000114060000)
}

