# JRE version: 7.0_17-b02
# Java VM: Java HotSpot(TM) 64-Bit Server VM (23.7-b01 mixed mode bsd-amd64 compressed oops)
Heap
 PSYoungGen      total 111296K, used 78572K [0x0000000136b90000, 0x000000013e830000, 0x00000001488e0000)
  eden space 103040K, 68% used [0x0000000136b90000,0x000000013b03c790,0x000000013d030000)
  from space 8256K, 99% used [0x000000013d4d0000,0x000000013dcdeb60,0x000000013dce0000)
  to   space 11584K, 0% used [0x000000013dce0000,0x000000013dce0000,0x000000013e830000)
 ParOldGen       total 36544K, used 15504K [0x00000001130e0000, 0x0000000115490000, 0x0000000136b90000)
  object space 36544K, 42% used [0x00000001130e0000,0x0000000114004260,0x0000000115490000)
 PSPermGen       total 28928K, used 28824K [0x000000010dee0000, 0x000000010fb20000, 0x00000001130e0000)
  object space 28928K, 99% used [0x000000010dee0000,0x000000010fb060b8,0x000000010fb20000)
GC Heap History (10 events):
Event: 12.106 GC heap before
{Heap before GC invocations=5 (full 0):
 PSYoungGen      total 29760K, used 29728K [0x0000000136b90000, 0x0000000138ad0000, 0x00000001488e0000)
  eden space 27520K, 100% used [0x0000000136b90000,0x0000000138670000,0x0000000138670000)
  from space 2240K, 98% used [0x00000001388a0000,0x0000000138ac8020,0x0000000138ad0000)
  to   space 2240K, 0% used [0x0000000138670000,0x0000000138670000,0x00000001388a0000)
 ParOldGen       total 36544K, used 2982K [0x00000001130e0000, 0x0000000115490000, 0x0000000136b90000)
  object space 36544K, 8% used [0x00000001130e0000,0x00000001133c9a38,0x0000000115490000)
 PSPermGen       total 21248K, used 12266K [0x000000010dee0000, 0x000000010f3a0000, 0x00000001130e0000)
  object space 21248K, 57% used [0x000000010dee0000,0x000000010eadaa30,0x000000010f3a0000)
Event: 12.116 GC heap after
Heap after GC invocations=5 (full 0):
 PSYoungGen      total 29760K, used 2208K [0x0000000136b90000, 0x000000013abf0000, 0x00000001488e0000)
  eden space 27520K, 0% used [0x0000000136b90000,0x0000000136b90000,0x0000000138670000)
  from space 2240K, 98% used [0x0000000138670000,0x0000000138898020,0x00000001388a0000)
  to   space 5440K, 0% used [0x000000013a6a0000,0x000000013a6a0000,0x000000013abf0000)
 ParOldGen       total 36544K, used 5715K [0x00000001130e0000, 0x0000000115490000, 0x0000000136b90000)
  object space 36544K, 15% used [0x00000001130e0000,0x0000000113674f00,0x0000000115490000)
 PSPermGen       total 21248K, used 12266K [0x000000010dee0000, 0x000000010f3a0000, 0x00000001130e0000)
  object space 21248K, 57% used [0x000000010dee0000,0x000000010eadaa30,0x000000010f3a0000)
}
Event: 12.478 GC heap before
{Heap before GC invocations=6 (full 0):
 PSYoungGen      total 29760K, used 29728K [0x0000000136b90000, 0x000000013abf0000, 0x00000001488e0000)
  eden space 27520K, 100% used [0x0000000136b90000,0x0000000138670000,0x0000000138670000)
  from space 2240K, 98% used [0x0000000138670000,0x0000000138898020,0x00000001388a0000)
  to   space 5440K, 0% used [0x000000013a6a0000,0x000000013a6a0000,0x000000013abf0000)
 ParOldGen       total 36544K, used 5715K [0x00000001130e0000, 0x0000000115490000, 0x0000000136b90000)
  object space 36544K, 15% used [0x00000001130e0000,0x0000000113674f00,0x0000000115490000)
 PSPermGen       total 21248K, used 12946K [0x000000010dee0000, 0x000000010f3a0000, 0x00000001130e0000)
  object space 21248K, 60% used [0x000000010dee0000,0x000000010eb84bc0,0x000000010f3a0000)
Event: 12.483 GC heap after
Heap after GC invocations=6 (full 0):
 PSYoungGen      total 60352K, used 4128K [0x0000000136b90000, 0x000000013ac30000, 0x00000001488e0000)
  eden space 54912K, 0% used [0x0000000136b90000,0x0000000136b90000,0x000000013a130000)
  from space 5440K, 75% used [0x000000013a6a0000,0x000000013aaa8238,0x000000013abf0000)
  to   space 5568K, 0% used [0x000000013a130000,0x000000013a130000,0x000000013a6a0000)
 ParOldGen       total 36544K, used 5723K [0x00000001130e0000, 0x0000000115490000, 0x0000000136b90000)
  object space 36544K, 15% used [0x00000001130e0000,0x0000000113676f00,0x0000000115490000)
 PSPermGen       total 21248K, used 12946K [0x000000010dee0000, 0x000000010f3a0000, 0x00000001130e0000)
  object space 21248K, 60% used [0x000000010dee0000,0x000000010eb84bc0,0x000000010f3a0000)
}
Event: 13.445 GC heap before
{Heap before GC invocations=7 (full 0):
 PSYoungGen      total 60352K, used 59040K [0x0000000136b90000, 0x000000013ac30000, 0x00000001488e0000)
  eden space 54912K, 100% used [0x0000000136b90000,0x000000013a130000,0x000000013a130000)
  from space 5440K, 75% used [0x000000013a6a0000,0x000000013aaa8238,0x000000013abf0000)
  to   space 5568K, 0% used [0x000000013a130000,0x000000013a130000,0x000000013a6a0000)
 ParOldGen       total 36544K, used 5723K [0x00000001130e0000, 0x0000000115490000, 0x0000000136b90000)
  object space 36544K, 15% used [0x00000001130e0000,0x0000000113676f00,0x0000000115490000)
 PSPermGen       total 21248K, used 18597K [0x000000010dee0000, 0x000000010f3a0000, 0x00000001130e0000)
  object space 21248K, 87% used [0x000000010dee0000,0x000000010f109610,0x000000010f3a0000)
Event: 13.458 GC heap after
Heap after GC invocations=7 (full 0):
 PSYoungGen      total 60480K, used 5551K [0x0000000136b90000, 0x000000013e9f0000, 0x00000001488e0000)
  eden space 54912K, 0% used [0x0000000136b90000,0x0000000136b90000,0x000000013a130000)
  from space 5568K, 99% used [0x000000013a130000,0x000000013a69bfc0,0x000000013a6a0000)
  to   space 9792K, 0% used [0x000000013e060000,0x000000013e060000,0x000000013e9f0000)
 ParOldGen       total 36544K, used 12659K [0x00000001130e0000, 0x0000000115490000, 0x0000000136b90000)
  object space 36544K, 34% used [0x00000001130e0000,0x0000000113d3cd00,0x0000000115490000)
 PSPermGen       total 21248K, used 18597K [0x000000010dee0000, 0x000000010f3a0000, 0x00000001130e0000)
  object space 21248K, 87% used [0x000000010dee0000,0x000000010f109610,0x000000010f3a0000)
}
Event: 474.200 GC heap before
{Heap before GC invocations=8 (full 0):
 PSYoungGen      total 60480K, used 60463K [0x0000000136b90000, 0x000000013e9f0000, 0x00000001488e0000)
  eden space 54912K, 100% used [0x0000000136b90000,0x000000013a130000,0x000000013a130000)
  from space 5568K, 99% used [0x000000013a130000,0x000000013a69bfc0,0x000000013a6a0000)
  to   space 9792K, 0% used [0x000000013e060000,0x000000013e060000,0x000000013e9f0000)
 ParOldGen       total 36544K, used 12659K [0x00000001130e0000, 0x0000000115490000, 0x0000000136b90000)
  object space 36544K, 34% used [0x00000001130e0000,0x0000000113d3cd00,0x0000000115490000)
 PSPermGen       total 25088K, used 24955K [0x000000010dee0000, 0x000000010f760000, 0x00000001130e0000)
  object space 25088K, 99% used [0x000000010dee0000,0x000000010f73eca0,0x000000010f760000)
Event: 474.211 GC heap after
Heap after GC invocations=8 (full 0):
 PSYoungGen      total 117568K, used 9762K [0x0000000136b90000, 0x000000013edf0000, 0x00000001488e0000)
  eden space 107776K, 0% used [0x0000000136b90000,0x0000000136b90000,0x000000013d4d0000)
  from space 9792K, 99% used [0x000000013e060000,0x000000013e9e89a0,0x000000013e9f0000)
  to   space 11840K, 0% used [0x000000013d4d0000,0x000000013d4d0000,0x000000013e060000)
 ParOldGen       total 36544K, used 13670K [0x00000001130e0000, 0x0000000115490000, 0x0000000136b90000)
  object space 36544K, 37% used [0x00000001130e0000,0x0000000113e39a50,0x0000000115490000)
 PSPermGen       total 25088K, used 24955K [0x000000010dee0000, 0x000000010f760000, 0x00000001130e0000)
  object space 25088K, 99% used [0x000000010dee0000,0x000000010f73eca0,0x000000010f760000)
}
Event: 244654.115 GC heap before
{Heap before GC invocations=9 (full 0):
 PSYoungGen      total 117568K, used 117538K [0x0000000136b90000, 0x000000013edf0000, 0x00000001488e0000)
  eden space 107776K, 100% used [0x0000000136b90000,0x000000013d4d0000,0x000000013d4d0000)
  from space 9792K, 99% used [0x000000013e060000,0x000000013e9e89a0,0x000000013e9f0000)
  to   space 11840K, 0% used [0x000000013d4d0000,0x000000013d4d0000,0x000000013e060000)
 ParOldGen       total 36544K, used 13670K [0x00000001130e0000, 0x0000000115490000, 0x0000000136b90000)
  object space 36544K, 37% used [0x00000001130e0000,0x0000000113e39a50,0x0000000115490000)
 PSPermGen       total 26240K, used 26157K [0x000000010dee0000, 0x000000010f880000, 0x00000001130e0000)
  object space 26240K, 99% used [0x000000010dee0000,0x000000010f86b4f0,0x000000010f880000)
Event: 244654.125 GC heap after
Heap after GC invocations=9 (full 0):
 PSYoungGen      total 111296K, used 8250K [0x0000000136b90000, 0x000000013e830000, 0x00000001488e0000)
  eden space 103040K, 0% used [0x0000000136b90000,0x0000000136b90000,0x000000013d030000)
  from space 8256K, 99% used [0x000000013d4d0000,0x000000013dcdeb60,0x000000013dce0000)
  to   space 11584K, 0% used [0x000000013dce0000,0x000000013dce0000,0x000000013e830000)
 ParOldGen       total 36544K, used 15504K [0x00000001130e0000, 0x0000000115490000, 0x0000000136b90000)
  object space 36544K, 42% used [0x00000001130e0000,0x0000000114004260,0x0000000115490000)
 PSPermGen       total 26240K, used 26157K [0x000000010dee0000, 0x000000010f880000, 0x00000001130e0000)
  object space 26240K, 99% used [0x000000010dee0000,0x000000010f86b4f0,0x000000010f880000)
}

